# JRE version: OpenJDK Runtime Environment (8.0_152-b06) (build 1.8.0_152-release-1136-b06)
# Java VM: OpenJDK 64-Bit Server VM (25.152-b06 mixed mode windows-amd64 compressed oops)
Heap:
 PSYoungGen      total 172032K, used 130442K [0x00000000e0000000, 0x00000000eff00000, 0x0000000100000000)
  eden space 145408K, 81% used [0x00000000e0000000,0x00000000e7403578,0x00000000e8e00000)
  from space 26624K, 43% used [0x00000000ebc00000,0x00000000ec75f538,0x00000000ed600000)
  to   space 47104K, 0% used [0x00000000e8e00000,0x00000000e8e00000,0x00000000ebc00000)
 ParOldGen       total 269824K, used 130330K [0x00000000a0000000, 0x00000000b0780000, 0x00000000e0000000)
  object space 269824K, 48% used [0x00000000a0000000,0x00000000a7f46be8,0x00000000b0780000)
 Metaspace       used 76275K, capacity 80644K, committed 80984K, reserved 1120256K
  class space    used 10131K, capacity 11009K, committed 11136K, reserved 1048576K
GC Heap History (10 events):
Event: 157.298 GC heap before
{Heap before GC invocations=24 (full 3):
 PSYoungGen      total 150528K, used 149148K [0x00000000e0000000, 0x00000000ea900000, 0x0000000100000000)
  eden space 133632K, 100% used [0x00000000e0000000,0x00000000e8280000,0x00000000e8280000)
  from space 16896K, 91% used [0x00000000e9500000,0x00000000ea427038,0x00000000ea580000)
  to   space 18944K, 0% used [0x00000000e8280000,0x00000000e8280000,0x00000000e9500000)
 ParOldGen       total 122368K, used 58435K [0x00000000a0000000, 0x00000000a7780000, 0x00000000e0000000)
  object space 122368K, 47% used [0x00000000a0000000,0x00000000a3910e48,0x00000000a7780000)
 Metaspace       used 65590K, capacity 69068K, committed 69336K, reserved 1110016K
  class space    used 8930K, capacity 9685K, committed 9728K, reserved 1048576K
Event: 157.400 GC heap after
Heap after GC invocations=24 (full 3):
 PSYoungGen      total 152576K, used 18913K [0x00000000e0000000, 0x00000000ec700000, 0x0000000100000000)
  eden space 133632K, 0% used [0x00000000e0000000,0x00000000e0000000,0x00000000e8280000)
  from space 18944K, 99% used [0x00000000e8280000,0x00000000e94f84b0,0x00000000e9500000)
  to   space 25600K, 0% used [0x00000000eae00000,0x00000000eae00000,0x00000000ec700000)
 ParOldGen       total 122368K, used 69224K [0x00000000a0000000, 0x00000000a7780000, 0x00000000e0000000)
  object space 122368K, 56% used [0x00000000a0000000,0x00000000a439a0f0,0x00000000a7780000)
 Metaspace       used 65590K, capacity 69068K, committed 69336K, reserved 1110016K
  class space    used 8930K, capacity 9685K, committed 9728K, reserved 1048576K
}
Event: 373.038 GC heap before
{Heap before GC invocations=25 (full 3):
 PSYoungGen      total 152576K, used 152545K [0x00000000e0000000, 0x00000000ec700000, 0x0000000100000000)
  eden space 133632K, 100% used [0x00000000e0000000,0x00000000e8280000,0x00000000e8280000)
  from space 18944K, 99% used [0x00000000e8280000,0x00000000e94f84b0,0x00000000e9500000)
  to   space 25600K, 0% used [0x00000000eae00000,0x00000000eae00000,0x00000000ec700000)
 ParOldGen       total 122368K, used 69224K [0x00000000a0000000, 0x00000000a7780000, 0x00000000e0000000)
  object space 122368K, 56% used [0x00000000a0000000,0x00000000a439a0f0,0x00000000a7780000)
 Metaspace       used 67348K, capacity 71114K, committed 71384K, reserved 1110016K
  class space    used 9153K, capacity 9944K, committed 9984K, reserved 1048576K
Event: 373.228 GC heap after
Heap after GC invocations=25 (full 3):
 PSYoungGen      total 169984K, used 9226K [0x00000000e0000000, 0x00000000ec200000, 0x0000000100000000)
  eden space 149504K, 0% used [0x00000000e0000000,0x00000000e0000000,0x00000000e9200000)
  from space 20480K, 45% used [0x00000000eae00000,0x00000000eb702998,0x00000000ec200000)
  to   space 24576K, 0% used [0x00000000e9200000,0x00000000e9200000,0x00000000eaa00000)
 ParOldGen       total 122368K, used 87890K [0x00000000a0000000, 0x00000000a7780000, 0x00000000e0000000)
  object space 122368K, 71% used [0x00000000a0000000,0x00000000a55d4950,0x00000000a7780000)
 Metaspace       used 67348K, capacity 71114K, committed 71384K, reserved 1110016K
  class space    used 9153K, capacity 9944K, committed 9984K, reserved 1048576K
}
Event: 398.109 GC heap before
{Heap before GC invocations=26 (full 3):
 PSYoungGen      total 169984K, used 158730K [0x00000000e0000000, 0x00000000ec200000, 0x0000000100000000)
  eden space 149504K, 100% used [0x00000000e0000000,0x00000000e9200000,0x00000000e9200000)
  from space 20480K, 45% used [0x00000000eae00000,0x00000000eb702998,0x00000000ec200000)
  to   space 24576K, 0% used [0x00000000e9200000,0x00000000e9200000,0x00000000eaa00000)
 ParOldGen       total 122368K, used 87890K [0x00000000a0000000, 0x00000000a7780000, 0x00000000e0000000)
  object space 122368K, 71% used [0x00000000a0000000,0x00000000a55d4950,0x00000000a7780000)
 Metaspace       used 70306K, capacity 74360K, committed 74584K, reserved 1114112K
  class space    used 9523K, capacity 10313K, committed 10368K, reserved 1048576K
Event: 398.196 GC heap after
Heap after GC invocations=26 (full 3):
 PSYoungGen      total 174080K, used 20486K [0x00000000e0000000, 0x00000000ed600000, 0x0000000100000000)
  eden space 149504K, 0% used [0x00000000e0000000,0x00000000e0000000,0x00000000e9200000)
  from space 24576K, 83% used [0x00000000e9200000,0x00000000ea601b50,0x00000000eaa00000)
  to   space 26624K, 0% used [0x00000000ebc00000,0x00000000ebc00000,0x00000000ed600000)
 ParOldGen       total 122368K, used 87898K [0x00000000a0000000, 0x00000000a7780000, 0x00000000e0000000)
  object space 122368K, 71% used [0x00000000a0000000,0x00000000a55d6950,0x00000000a7780000)
 Metaspace       used 70306K, capacity 74360K, committed 74584K, reserved 1114112K
  class space    used 9523K, capacity 10313K, committed 10368K, reserved 1048576K
}
Event: 409.935 GC heap before
{Heap before GC invocations=27 (full 3):
 PSYoungGen      total 174080K, used 157429K [0x00000000e0000000, 0x00000000ed600000, 0x0000000100000000)
  eden space 149504K, 91% used [0x00000000e0000000,0x00000000e85bbad0,0x00000000e9200000)
  from space 24576K, 83% used [0x00000000e9200000,0x00000000ea601b50,0x00000000eaa00000)
  to   space 26624K, 0% used [0x00000000ebc00000,0x00000000ebc00000,0x00000000ed600000)
 ParOldGen       total 122368K, used 87898K [0x00000000a0000000, 0x00000000a7780000, 0x00000000e0000000)
  object space 122368K, 71% used [0x00000000a0000000,0x00000000a55d6950,0x00000000a7780000)
 Metaspace       used 72449K, capacity 76746K, committed 77016K, reserved 1116160K
  class space    used 9844K, capacity 10732K, committed 10752K, reserved 1048576K
Event: 410.025 GC heap after
Heap after GC invocations=27 (full 3):
 PSYoungGen      total 172032K, used 26600K [0x00000000e0000000, 0x00000000eff00000, 0x0000000100000000)
  eden space 145408K, 0% used [0x00000000e0000000,0x00000000e0000000,0x00000000e8e00000)
  from space 26624K, 99% used [0x00000000ebc00000,0x00000000ed5fa310,0x00000000ed600000)
  to   space 47104K, 0% used [0x00000000e8e00000,0x00000000e8e00000,0x00000000ebc00000)
 ParOldGen       total 133120K, used 131954K [0x00000000a0000000, 0x00000000a8200000, 0x00000000e0000000)
  object space 133120K, 99% used [0x00000000a0000000,0x00000000a80dc900,0x00000000a8200000)
 Metaspace       used 72449K, capacity 76746K, committed 77016K, reserved 1116160K
  class space    used 9844K, capacity 10732K, committed 10752K, reserved 1048576K
}
Event: 410.025 GC heap before
{Heap before GC invocations=28 (full 4):
 PSYoungGen      total 172032K, used 26600K [0x00000000e0000000, 0x00000000eff00000, 0x0000000100000000)
  eden space 145408K, 0% used [0x00000000e0000000,0x00000000e0000000,0x00000000e8e00000)
  from space 26624K, 99% used [0x00000000ebc00000,0x00000000ed5fa310,0x00000000ed600000)
  to   space 47104K, 0% used [0x00000000e8e00000,0x00000000e8e00000,0x00000000ebc00000)
 ParOldGen       total 133120K, used 131954K [0x00000000a0000000, 0x00000000a8200000, 0x00000000e0000000)
  object space 133120K, 99% used [0x00000000a0000000,0x00000000a80dc900,0x00000000a8200000)
 Metaspace       used 72449K, capacity 76746K, committed 77016K, reserved 1116160K
  class space    used 9844K, capacity 10732K, committed 10752K, reserved 1048576K
Event: 412.259 GC heap after
Heap after GC invocations=28 (full 4):
 PSYoungGen      total 172032K, used 11645K [0x00000000e0000000, 0x00000000eff00000, 0x0000000100000000)
  eden space 145408K, 0% used [0x00000000e0000000,0x00000000e0000000,0x00000000e8e00000)
  from space 26624K, 43% used [0x00000000ebc00000,0x00000000ec75f538,0x00000000ed600000)
  to   space 47104K, 0% used [0x00000000e8e00000,0x00000000e8e00000,0x00000000ebc00000)
 ParOldGen       total 269824K, used 130330K [0x00000000a0000000, 0x00000000b0780000, 0x00000000e0000000)
  object space 269824K, 48% used [0x00000000a0000000,0x00000000a7f46be8,0x00000000b0780000)
 Metaspace       used 72362K, capacity 76500K, committed 77016K, reserved 1116160K
  class space    used 9816K, capacity 10683K, committed 10752K, reserved 1048576K
}

